https://www.linkedin.com/search/results/people/?facetConnectionOf=%5B%22ACoAABsrVwYBL32H9iqu6fDqtFnE1gceAw7WxjA%22%5D&facetNetwork=%5B%22F%22%5D&origin=SHARED_CONNECTIONS_CANNED_SEARCH
https://www.linkedin.com/search/results/people/?facetConnectionOf=%5B%22ACoAAAbrh_gBM2MdvBDJ1jcGPqAzjjQmSvPmEwA%22%5D&facetNetwork=%5B%22F%22%5D&origin=SHARED_CONNECTIONS_CANNED_SEARCH
https://www.linkedin.com/search/results/people/?facetConnectionOf=%5B%22ACoAAA60YWoB-LTPlSn644CiyXr3OujU9yhlCXI%22%5D&facetNetwork=%5B%22F%22%5D&origin=SHARED_CONNECTIONS_CANNED_SEARCH
https://www.linkedin.com/search/results/people/?facetConnectionOf=%5B%22ACoAAArj9mwBtpzyAMdvZ6wDyjdtf1gwNdrlZCw%22%5D&facetNetwork=%5B%22F%22%5D&origin=SHARED_CONNECTIONS_CANNED_SEARCH
https://www.linkedin.com/search/results/people/?facetConnectionOf=%5B%22ACoAAA8Q8yQBYIhGDBbQbU_jJLUhA3mzvrF_FwE%22%5D&facetNetwork=%5B%22F%22%5D&origin=SHARED_CONNECTIONS_CANNED_SEARCH
https://www.linkedin.com/search/results/people/?facetConnectionOf=%5B%22ACoAAAMF6OEBk4-tkjqD1DG4DserY7BHXuHTOr0%22%5D&facetNetwork=%5B%22F%22%5D&origin=SHARED_CONNECTIONS_CANNED_SEARCH
https://www.linkedin.com/search/results/people/?facetConnectionOf=%5B%22ACoAABLfpYkBi4lDr7s8uR3JQoXti2BXj64yle4%22%5D&facetNetwork=%5B%22F%22%5D&origin=SHARED_CONNECTIONS_CANNED_SEARCH
https://www.linkedin.com/search/results/people/?facetConnectionOf=%5B%22ACoAAAgMoOwBfEfyFBkDcA_rhqOxc_djW74bx_E%22%5D&facetNetwork=%5B%22F%22%5D&origin=SHARED_CONNECTIONS_CANNED_SEARCH
https://www.linkedin.com/search/results/people/?facetConnectionOf=%5B%22ACoAAAC0Pl0B2USG3cqsCh0mqKcDtHq5-BLhhBQ%22%5D&facetNetwork=%5B%22F%22%5D&origin=SHARED_CONNECTIONS_CANNED_SEARCH
https://www.linkedin.com/search/results/people/?facetConnectionOf=%5B%22ACoAAB2u7GgBirc7j8G-08_5uXXMjfLhMOOb36I%22%5D&facetNetwork=%5B%22F%22%5D&origin=SHARED_CONNECTIONS_CANNED_SEARCH
https://www.linkedin.com/search/results/people/?facetConnectionOf=%5B%22ACoAAABBKtkBUyRJ4OGDBN_oDvD9ukWBEIYNjaM%22%5D&facetNetwork=%5B%22F%22%5D&origin=SHARED_CONNECTIONS_CANNED_SEARCH
https://www.linkedin.com/search/results/people/?facetConnectionOf=%5B%22ACoAAAAO7E8B3dhKaAF9nX0wzsQWrAInt2U2otw%22%5D&facetNetwork=%5B%22F%22%5D&origin=SHARED_CONNECTIONS_CANNED_SEARCH
https://www.linkedin.com/search/results/people/?facetConnectionOf=%5B%22ACoAAAbbmdsBj6kJT-tKdQ0YD9cRex7WiBwjhKU%22%5D&facetNetwork=%5B%22F%22%5D&origin=SHARED_CONNECTIONS_CANNED_SEARCH
https://www.linkedin.com/search/results/people/?facetConnectionOf=%5B%22ACoAAAesgbYBMCwksQvrCzEcSl4BUcnf_peoBV4%22%5D&facetNetwork=%5B%22F%22%5D&origin=SHARED_CONNECTIONS_CANNED_SEARCH
https://www.linkedin.com/search/results/people/?facetConnectionOf=%5B%22ACoAAAL4lKUB3QvtJwSHUypB31_xzKx3e_GObxg%22%5D&facetNetwork=%5B%22F%22%5D&origin=SHARED_CONNECTIONS_CANNED_SEARCH
https://www.linkedin.com/search/results/people/?facetConnectionOf=%5B%22ACoAAA3WMoQBK9ZGtqqYffBSlsJBOfNa3ipMKMo%22%5D&facetNetwork=%5B%22F%22%5D&origin=SHARED_CONNECTIONS_CANNED_SEARCH
https://www.linkedin.com/search/results/people/?facetConnectionOf=%5B%22ACoAAA8nUHQBRcLb9a3aIzDpKr8J2K9HHlVb8w8%22%5D&facetNetwork=%5B%22F%22%5D&origin=SHARED_CONNECTIONS_CANNED_SEARCH
https://www.linkedin.com/search/results/people/?facetConnectionOf=%5B%22ACoAAAUBsh4BjqS_x5CI6V-1nxJ_SxThJk1fIl4%22%5D&facetNetwork=%5B%22F%22%5D&origin=SHARED_CONNECTIONS_CANNED_SEARCH
https://www.linkedin.com/search/results/people/?facetConnectionOf=%5B%22ACoAAAVqgVsBnYlO1o1GFSoz6SBy8T9_vfJRPB0%22%5D&facetNetwork=%5B%22F%22%5D&origin=SHARED_CONNECTIONS_CANNED_SEARCH
https://www.linkedin.com/search/results/people/?facetConnectionOf=%5B%22ACoAABLQtIoBT8FZvei4Bjkp8DOQ2xTbcozn3r0%22%5D&facetNetwork=%5B%22F%22%5D&origin=SHARED_CONNECTIONS_CANNED_SEARCH
https://www.linkedin.com/search/results/people/?facetConnectionOf=%5B%22ACoAAAIgKAwBLRYvnOpcwmVLP0_8FejdQFm4DyY%22%5D&facetNetwork=%5B%22F%22%5D&origin=SHARED_CONNECTIONS_CANNED_SEARCH
https://www.linkedin.com/search/results/people/?facetConnectionOf=%5B%22ACoAAABiJ0MBYKE5JkUBwuVqQIFDFILBrY4n55A%22%5D&facetNetwork=%5B%22F%22%5D&origin=SHARED_CONNECTIONS_CANNED_SEARCH
https://www.linkedin.com/search/results/people/?facetConnectionOf=%5B%22ACoAAA5nspkBYs4tA74G81nlAb5ez8YoVC2abG4%22%5D&facetNetwork=%5B%22F%22%5D&origin=SHARED_CONNECTIONS_CANNED_SEARCH
https://www.linkedin.com/search/results/people/?facetConnectionOf=%5B%22ACoAAAQ3ebEBDIkbvVNmEsRqIkbP3OWtg9IV7YE%22%5D&facetNetwork=%5B%22F%22%5D&origin=SHARED_CONNECTIONS_CANNED_SEARCH
https://www.linkedin.com/search/results/people/?facetConnectionOf=%5B%22ACoAABMOvioBJNj7gX-9m0js0xL0pSRFgTpY16Q%22%5D&facetNetwork=%5B%22F%22%5D&origin=SHARED_CONNECTIONS_CANNED_SEARCH
https://www.linkedin.com/search/results/people/?facetConnectionOf=%5B%22ACoAABQhpxcBep-gsfqLVJmlEkLI-hKmYnGfV5w%22%5D&facetNetwork=%5B%22F%22%5D&origin=SHARED_CONNECTIONS_CANNED_SEARCH
https://www.linkedin.com/search/results/people/?facetConnectionOf=%5B%22ACoAAAa39ooBVp-6aEjBoUF1CUK-HcdUB2FluQI%22%5D&facetNetwork=%5B%22F%22%5D&origin=SHARED_CONNECTIONS_CANNED_SEARCH
https://www.linkedin.com/search/results/people/?facetConnectionOf=%5B%22ACoAAB6Q7aQBd5664Owjcx5Anb1pg1QRg-7kUgo%22%5D&facetNetwork=%5B%22F%22%5D&origin=SHARED_CONNECTIONS_CANNED_SEARCH
https://www.linkedin.com/search/results/people/?facetConnectionOf=%5B%22ACoAABONRYoBzbNqxpyVCxAKEABGgZDIkWve4dY%22%5D&facetNetwork=%5B%22F%22%5D&origin=SHARED_CONNECTIONS_CANNED_SEARCH
https://www.linkedin.com/search/results/people/?facetConnectionOf=%5B%22ACoAAAE0eNoB2CZ2LX2fonPn86sfJXQNgfiRuSM%22%5D&facetNetwork=%5B%22F%22%5D&origin=SHARED_CONNECTIONS_CANNED_SEARCH
https://www.linkedin.com/search/results/people/?facetConnectionOf=%5B%22ACoAAAA1BtoBi-UIp9bixF1K_2KIzXCTaUuIcT4%22%5D&facetNetwork=%5B%22F%22%5D&origin=SHARED_CONNECTIONS_CANNED_SEARCH
https://www.linkedin.com/search/results/people/?facetConnectionOf=%5B%22ACoAAATkihAB6-lKsU0oualqCs0V1jPvxMXbn1g%22%5D&facetNetwork=%5B%22F%22%5D&origin=SHARED_CONNECTIONS_CANNED_SEARCH
https://www.linkedin.com/search/results/people/?facetConnectionOf=%5B%22ACoAAATs2XcBLDGXRxVWOebbzNf2DpN1mRn_4sU%22%5D&facetNetwork=%5B%22F%22%5D&origin=SHARED_CONNECTIONS_CANNED_SEARCH
https://www.linkedin.com/search/results/people/?facetConnectionOf=%5B%22ACoAAAT6FdUB1kTWXTn1MbXoT8dc3aT-JJEKEGM%22%5D&facetNetwork=%5B%22F%22%5D&origin=SHARED_CONNECTIONS_CANNED_SEARCH
https://www.linkedin.com/search/results/people/?facetConnectionOf=%5B%22ACoAAAPItFEBv3X9JUXuxN_lPnUzgr03SP6XaqY%22%5D&facetNetwork=%5B%22F%22%5D&origin=SHARED_CONNECTIONS_CANNED_SEARCH
https://www.linkedin.com/search/results/people/?facetConnectionOf=%5B%22ACoAAALMZTUBNhY8O4lMmc_wPESb0eoi7avvJ5w%22%5D&facetNetwork=%5B%22F%22%5D&origin=SHARED_CONNECTIONS_CANNED_SEARCH
https://www.linkedin.com/search/results/people/?facetConnectionOf=%5B%22ACoAAA_8nKEBGxH9fHp7Qyc8MFNu8Q8qCAFNXDU%22%5D&facetNetwork=%5B%22F%22%5D&origin=SHARED_CONNECTIONS_CANNED_SEARCH
https://www.linkedin.com/search/results/people/?facetConnectionOf=%5B%22ACoAAA8zTsIBEv85MkCkJq0nfjs6Ppo2FhKWhvI%22%5D&facetNetwork=%5B%22F%22%5D&origin=SHARED_CONNECTIONS_CANNED_SEARCH
https://www.linkedin.com/search/results/people/?facetConnectionOf=%5B%22ACoAABE94BEB-GUl10pYM-tVUTySOlyxvKd13TA%22%5D&facetNetwork=%5B%22F%22%5D&origin=SHARED_CONNECTIONS_CANNED_SEARCH
https://www.linkedin.com/search/results/people/?facetConnectionOf=%5B%22ACoAAACjPuYBHXsjugsxQV4bhFPqcujvbsogqbk%22%5D&facetNetwork=%5B%22F%22%5D&origin=SHARED_CONNECTIONS_CANNED_SEARCH
https://www.linkedin.com/search/results/people/?facetConnectionOf=%5B%22ACoAAAL36kgBQWuehPekGrI30jW9sM8nWmzAgic%22%5D&facetNetwork=%5B%22F%22%5D&origin=SHARED_CONNECTIONS_CANNED_SEARCH
https://www.linkedin.com/search/results/people/?facetConnectionOf=%5B%22ACoAAAMY1P8B8BBBdgCDTDX2lxK40VanzNCoO9w%22%5D&facetNetwork=%5B%22F%22%5D&origin=SHARED_CONNECTIONS_CANNED_SEARCH
https://www.linkedin.com/search/results/people/?facetConnectionOf=%5B%22ACoAAALX6kwB3GQYuR95eVckgg76rjXuDHpbio8%22%5D&facetNetwork=%5B%22F%22%5D&origin=SHARED_CONNECTIONS_CANNED_SEARCH
https://www.linkedin.com/search/results/people/?facetConnectionOf=%5B%22ACoAAAW046kBLW1PZFnEsG6ptzOsRP5vMfU4PPU%22%5D&facetNetwork=%5B%22F%22%5D&origin=SHARED_CONNECTIONS_CANNED_SEARCH
https://www.linkedin.com/search/results/people/?facetConnectionOf=%5B%22ACoAAAXM2m8B1R0Cto641WqddxiUFTA4r_0KWs4%22%5D&facetNetwork=%5B%22F%22%5D&origin=SHARED_CONNECTIONS_CANNED_SEARCH
https://www.linkedin.com/search/results/people/?facetConnectionOf=%5B%22ACoAAAtyQggBc6d41JD5FJLXRziGDlcLkA9_tm0%22%5D&facetNetwork=%5B%22F%22%5D&origin=SHARED_CONNECTIONS_CANNED_SEARCH
https://www.linkedin.com/search/results/people/?facetConnectionOf=%5B%22ACoAAAN3fswBOUX8lvN-m94b-v-XeZ3WYubff-A%22%5D&facetNetwork=%5B%22F%22%5D&origin=SHARED_CONNECTIONS_CANNED_SEARCH
https://www.linkedin.com/search/results/people/?facetConnectionOf=%5B%22ACoAABQDGgQBMykkydlB3vykljSASzcdtQoG1mU%22%5D&facetNetwork=%5B%22F%22%5D&origin=SHARED_CONNECTIONS_CANNED_SEARCH
https://www.linkedin.com/search/results/people/?facetConnectionOf=%5B%22ACoAABRKfPQBvv7nRg9FW4kJULdAX1yrJC_Wy5Q%22%5D&facetNetwork=%5B%22F%22%5D&origin=SHARED_CONNECTIONS_CANNED_SEARCH
https://www.linkedin.com/search/results/people/?facetConnectionOf=%5B%22ACoAAAB_b_4Buav2E5OYrtzvIv4w2zh9Iq_JbKQ%22%5D&facetNetwork=%5B%22F%22%5D&origin=SHARED_CONNECTIONS_CANNED_SEARCH
https://www.linkedin.com/search/results/people/?facetConnectionOf=%5B%22ACoAAAhI5SoB_dBsa6-jAdB0O0jY0-VM_CPoWxk%22%5D&facetNetwork=%5B%22F%22%5D&origin=SHARED_CONNECTIONS_CANNED_SEARCH
https://www.linkedin.com/search/results/people/?facetConnectionOf=%5B%22ACoAAAAsfOsBahnPy4vst8JujizFHb9Z2A7StJs%22%5D&facetNetwork=%5B%22F%22%5D&origin=SHARED_CONNECTIONS_CANNED_SEARCH
https://www.linkedin.com/search/results/people/?facetConnectionOf=%5B%22ACoAAAlk4pQBy8YlxHVDVCbKxLwWdg2Z6kPXLL0%22%5D&facetNetwork=%5B%22F%22%5D&origin=SHARED_CONNECTIONS_CANNED_SEARCH
https://www.linkedin.com/search/results/people/?facetConnectionOf=%5B%22ACoAAAop1i8BaNeQWjqN7Kb8A34Qh1uMl_3TAB4%22%5D&facetNetwork=%5B%22F%22%5D&origin=SHARED_CONNECTIONS_CANNED_SEARCH
https://www.linkedin.com/search/results/people/?facetConnectionOf=%5B%22ACoAAAcY4FkBPQs9cU5LGCcmZGFSM9cMiYF-o1w%22%5D&facetNetwork=%5B%22F%22%5D&origin=SHARED_CONNECTIONS_CANNED_SEARCH
https://www.linkedin.com/search/results/people/?facetConnectionOf=%5B%22ACoAAALNcT8BCDj-iKZH1rUKNzl-z6vgtj-KuEI%22%5D&facetNetwork=%5B%22F%22%5D&origin=SHARED_CONNECTIONS_CANNED_SEARCH
https://www.linkedin.com/search/results/people/?facetConnectionOf=%5B%22ACoAAArDF8MBxRv3tvKJ_xghzBwV1c3pr7uWlQs%22%5D&facetNetwork=%5B%22F%22%5D&origin=SHARED_CONNECTIONS_CANNED_SEARCH
https://www.linkedin.com/search/results/people/?facetConnectionOf=%5B%22ACoAAAMK1XMBaAPi7q4PZgXzgMgtVUrwUub_QEA%22%5D&facetNetwork=%5B%22F%22%5D&origin=SHARED_CONNECTIONS_CANNED_SEARCH
https://www.linkedin.com/search/results/people/?facetConnectionOf=%5B%22ACoAAAUJUY8BP00he8sJyh-DtD2wvC2R_eCBjSE%22%5D&facetNetwork=%5B%22F%22%5D&origin=SHARED_CONNECTIONS_CANNED_SEARCH
https://www.linkedin.com/search/results/people/?facetConnectionOf=%5B%22ACoAAAR3R_oBjhiNPUnH1yKLcZjjHJCGKyrYOx8%22%5D&facetNetwork=%5B%22F%22%5D&origin=SHARED_CONNECTIONS_CANNED_SEARCH
https://www.linkedin.com/search/results/people/?facetConnectionOf=%5B%22ACoAAAqo_kwBUVDRushSRUzwRCDflBJYO2v7G0o%22%5D&facetNetwork=%5B%22F%22%5D&origin=SHARED_CONNECTIONS_CANNED_SEARCH
https://www.linkedin.com/search/results/people/?facetConnectionOf=%5B%22ACoAAAFIudkBKtNaHNf_QjRz94iVuEvqKCPkRm0%22%5D&facetNetwork=%5B%22F%22%5D&origin=SHARED_CONNECTIONS_CANNED_SEARCH
https://www.linkedin.com/search/results/people/?facetConnectionOf=%5B%22ACoAAAhAv68BOqdTZt4UqxONvFFTy8kW_Zh8SU8%22%5D&facetNetwork=%5B%22F%22%5D&origin=SHARED_CONNECTIONS_CANNED_SEARCH
https://www.linkedin.com/search/results/people/?facetConnectionOf=%5B%22ACoAAABrGpABqliyB8HxfSIrYQAR2J5dF7MwFxc%22%5D&facetNetwork=%5B%22F%22%5D&origin=SHARED_CONNECTIONS_CANNED_SEARCH
https://www.linkedin.com/search/results/people/?facetConnectionOf=%5B%22ACoAAAMM9bYBncISFZWXbxq1ufn319vfpP_cQ0I%22%5D&facetNetwork=%5B%22F%22%5D&origin=SHARED_CONNECTIONS_CANNED_SEARCH
https://www.linkedin.com/search/results/people/?facetConnectionOf=%5B%22ACoAAA0OjyYBB7J8ChMG5E-XT9Ag6osmoorpfao%22%5D&facetNetwork=%5B%22F%22%5D&origin=SHARED_CONNECTIONS_CANNED_SEARCH
https://www.linkedin.com/search/results/people/?facetConnectionOf=%5B%22ACoAAAUZPrYByhaTIhl_8Xba7NXWF2u9t6cU0Cw%22%5D&facetNetwork=%5B%22F%22%5D&origin=SHARED_CONNECTIONS_CANNED_SEARCH
https://www.linkedin.com/search/results/people/?facetConnectionOf=%5B%22ACoAAArQgIEBQZSzEcHSAchozNoLKs2jPkpCcdI%22%5D&facetNetwork=%5B%22F%22%5D&origin=SHARED_CONNECTIONS_CANNED_SEARCH
https://www.linkedin.com/search/results/people/?facetConnectionOf=%5B%22ACoAAA8DP3EBvazXbKPAlZ6JIf8JG8ps6Bv6QrI%22%5D&facetNetwork=%5B%22F%22%5D&origin=SHARED_CONNECTIONS_CANNED_SEARCH
https://www.linkedin.com/search/results/people/?facetConnectionOf=%5B%22ACoAAAparFEBcv0YAWmgUmTAtffX6zNpmB5LcpM%22%5D&facetNetwork=%5B%22F%22%5D&origin=SHARED_CONNECTIONS_CANNED_SEARCH
https://www.linkedin.com/search/results/people/?facetConnectionOf=%5B%22ACoAAAOUz-0BE-PMQS40T3Qm-p4bhwVOpgCMee0%22%5D&facetNetwork=%5B%22F%22%5D&origin=SHARED_CONNECTIONS_CANNED_SEARCH
https://www.linkedin.com/search/results/people/?facetConnectionOf=%5B%22ACoAAAs_wA0Bdmr7ToxR2JD0QORVG3BzOEMJZ6Y%22%5D&facetNetwork=%5B%22F%22%5D&origin=SHARED_CONNECTIONS_CANNED_SEARCH
https://www.linkedin.com/search/results/people/?facetConnectionOf=%5B%22ACoAAAZNnLMBgIZemKAd1w_F6bndZMdQwZiXbZk%22%5D&facetNetwork=%5B%22F%22%5D&origin=SHARED_CONNECTIONS_CANNED_SEARCH
https://www.linkedin.com/search/results/people/?facetConnectionOf=%5B%22ACoAABlX3oMBfJzSxD_6GdcmiewZnn8lx-Lpl0E%22%5D&facetNetwork=%5B%22F%22%5D&origin=SHARED_CONNECTIONS_CANNED_SEARCH
https://www.linkedin.com/search/results/people/?facetConnectionOf=%5B%22ACoAAAA_AjwB1qhVylRMg8Wwbu1DnYgQGusbyyo%22%5D&facetNetwork=%5B%22F%22%5D&origin=SHARED_CONNECTIONS_CANNED_SEARCH
https://www.linkedin.com/search/results/people/?facetConnectionOf=%5B%22ACoAAAFLpLMBvEJGszaVilf8JD_Vjg02kh6f67g%22%5D&facetNetwork=%5B%22F%22%5D&origin=SHARED_CONNECTIONS_CANNED_SEARCH
