645745291171945
497094542610583
4223310202080593
39615800675757
7994120900849212
8585721337319151
5443724961593751
1995557542300277
2480211546870595
8856370310085823
8554865562626001
671810656420181
2299388038343462
884308441830489
4110515429412230
5696581665324116
3732062135071579
5236117292305254
1630253269534430
3277590301761069
3977775449302703
6028871445611438
4356515150589695
1643148084859662
3655216023837742
3640582246522581
2642118271688313
2914167577514235
364433634851718
6816377807375389
400381355819117
7619163005365869
8101935610925226
268398106487348
4246815663888900
2967847001644370
6959804252485296
1880129937938127
1283009590741082
1950526283609158
8995762842255769
6149707805846510
8074997408597610
2198461234281329
8342675055402035
1722405998666183
6247964347403740
1476388556590549
4896689957829680
8701494814256818
3099833918184695
8506191114524182
8375548180332237
6090063771926232
6052221040270932
532615657244483
3041336925666460
3940825957124783
4297633949893445
8257669430953882
837554967092482
8091356160744960
1746415750364854
4402503442259053
5851106700636079
1285672802180559
2740183561654801
4420202042228869
2746410750510909
7835017000228381
2976669046324787
4291443881560634
2453283685375514
2109612476587277
2516788118002844
5871081930957584
4656802018543863
5992506027978862
1737580712346797
794461745538574
6783270999657954
869067730255346
6541854681479735
1859843216148179
1670314180135192
7315772298803931
7246945247293899
3660435659195617
2144722786894873
6796265341441926
3282478376674770
721049977133878
3608815928233915
8844153321928281
1285137888758952
2491309990441324